
<xml><ToUserName><![CDATA[gh_ef9280ec87dc]]></ToUserName>
<FromUserName><![CDATA[oemNh1jsYgd5gkcDXfFYrvW9FIMQ]]></FromUserName>
<CreateTime>1538185655</CreateTime>
<MsgType><![CDATA[event]]></MsgType>
<Event><![CDATA[SCAN]]></Event>
<EventKey><![CDATA[sc574mf25pnu01hb2grggs0sau]]></EventKey>
<Ticket><![CDATA[gQE78TwAAAAAAAAAAS5odHRwOi8vd2VpeGluLnFxLmNvbS9xLzAyN0pvbGxJV3pkeG0xMDAwMHcwN2sAAgSt065bAwQAAAAA]]></Ticket>
</xml>Array
(
    [ToUserName] => gh_ef9280ec87dc
    [FromUserName] => oemNh1jsYgd5gkcDXfFYrvW9FIMQ
    [CreateTime] => 1538186136
    [MsgType] => event
    [Event] => SCAN
    [EventKey] => sc574mf25pnu01hb2grggs0sau
    [Ticket] => gQE78TwAAAAAAAAAAS5odHRwOi8vd2VpeGluLnFxLmNvbS9xLzAyN0pvbGxJV3pkeG0xMDAwMHcwN2sAAgSt065bAwQAAAAA
)
Array
(
    [ToUserName] => gh_ef9280ec87dc
    [FromUserName] => oemNh1jsYgd5gkcDXfFYrvW9FIMQ
    [CreateTime] => 1538186164
    [MsgType] => event
    [Event] => unsubscribe
    [EventKey] => Array
        (
        )

)
Array
(
    [ToUserName] => gh_ef9280ec87dc
    [FromUserName] => oemNh1jsYgd5gkcDXfFYrvW9FIMQ
    [CreateTime] => 1538186179
    [MsgType] => event
    [Event] => subscribe
    [EventKey] => qrscene_sc574mf25pnu01hb2grggs0sau
    [Ticket] => gQE78TwAAAAAAAAAAS5odHRwOi8vd2VpeGluLnFxLmNvbS9xLzAyN0pvbGxJV3pkeG0xMDAwMHcwN2sAAgSt065bAwQAAAAA
)
Array
(
    [ToUserName] => gh_ef9280ec87dc
    [FromUserName] => oemNh1jsYgd5gkcDXfFYrvW9FIMQ
    [CreateTime] => 1538187814
    [MsgType] => event
    [Event] => SCAN
    [EventKey] => sc574mf25pnu01hb2grggs0sau
    [Ticket] => gQE78TwAAAAAAAAAAS5odHRwOi8vd2VpeGluLnFxLmNvbS9xLzAyN0pvbGxJV3pkeG0xMDAwMHcwN2sAAgSt065bAwQAAAAA
)
Array
(
    [ToUserName] => gh_ef9280ec87dc
    [FromUserName] => oemNh1jsYgd5gkcDXfFYrvW9FIMQ
    [CreateTime] => 1538187882
    [MsgType] => event
    [Event] => SCAN
    [EventKey] => sc574mf25pnu01hb2grggs0sau
    [Ticket] => gQE78TwAAAAAAAAAAS5odHRwOi8vd2VpeGluLnFxLmNvbS9xLzAyN0pvbGxJV3pkeG0xMDAwMHcwN2sAAgSt065bAwQAAAAA
)
Array
(
    [ToUserName] => gh_ef9280ec87dc
    [FromUserName] => oemNh1jsYgd5gkcDXfFYrvW9FIMQ
    [CreateTime] => 1538189691
    [MsgType] => event
    [Event] => SCAN
    [EventKey] => sc574mf25pnu01hb2grggs0sau
    [Ticket] => gQE78TwAAAAAAAAAAS5odHRwOi8vd2VpeGluLnFxLmNvbS9xLzAyN0pvbGxJV3pkeG0xMDAwMHcwN2sAAgSt065bAwQAAAAA
)
Array
(
    [ToUserName] => gh_ef9280ec87dc
    [FromUserName] => oemNh1jsYgd5gkcDXfFYrvW9FIMQ
    [CreateTime] => 1538189826
    [MsgType] => event
    [Event] => SCAN
    [EventKey] => sc574mf25pnu01hb2grggs0sau
    [Ticket] => gQE78TwAAAAAAAAAAS5odHRwOi8vd2VpeGluLnFxLmNvbS9xLzAyN0pvbGxJV3pkeG0xMDAwMHcwN2sAAgSt065bAwQAAAAA
)
Array
(
    [ToUserName] => gh_ef9280ec87dc
    [FromUserName] => oemNh1jsYgd5gkcDXfFYrvW9FIMQ
    [CreateTime] => 1538191271
    [MsgType] => event
    [Event] => SCAN
    [EventKey] => sc574mf25pnu01hb2grggs0sau
    [Ticket] => gQE78TwAAAAAAAAAAS5odHRwOi8vd2VpeGluLnFxLmNvbS9xLzAyN0pvbGxJV3pkeG0xMDAwMHcwN2sAAgSt065bAwQAAAAA
)
Array
(
    [ToUserName] => gh_ef9280ec87dc
    [FromUserName] => oemNh1jsYgd5gkcDXfFYrvW9FIMQ
    [CreateTime] => 1538191790
    [MsgType] => event
    [Event] => SCAN
    [EventKey] => sc574mf25pnu01hb2grggs0sau
    [Ticket] => gQE78TwAAAAAAAAAAS5odHRwOi8vd2VpeGluLnFxLmNvbS9xLzAyN0pvbGxJV3pkeG0xMDAwMHcwN2sAAgSt065bAwQAAAAA
)
Array
(
    [ToUserName] => gh_ef9280ec87dc
    [FromUserName] => oemNh1jsYgd5gkcDXfFYrvW9FIMQ
    [CreateTime] => 1538192096
    [MsgType] => event
    [Event] => SCAN
    [EventKey] => sc574mf25pnu01hb2grggs0sau
    [Ticket] => gQE78TwAAAAAAAAAAS5odHRwOi8vd2VpeGluLnFxLmNvbS9xLzAyN0pvbGxJV3pkeG0xMDAwMHcwN2sAAgSt065bAwQAAAAA
)
Array
(
    [ToUserName] => gh_ef9280ec87dc
    [FromUserName] => oemNh1jsYgd5gkcDXfFYrvW9FIMQ
    [CreateTime] => 1538192253
    [MsgType] => event
    [Event] => SCAN
    [EventKey] => sc574mf25pnu01hb2grggs0sau
    [Ticket] => gQE78TwAAAAAAAAAAS5odHRwOi8vd2VpeGluLnFxLmNvbS9xLzAyN0pvbGxJV3pkeG0xMDAwMHcwN2sAAgSt065bAwQAAAAA
)
Array
(
    [ToUserName] => gh_ef9280ec87dc
    [FromUserName] => oemNh1jsYgd5gkcDXfFYrvW9FIMQ
    [CreateTime] => 1538192258
    [MsgType] => event
    [Event] => TEMPLATESENDJOBFINISH
    [MsgID] => 479828166676873216
    [Status] => success
)
Array
(
    [ToUserName] => gh_ef9280ec87dc
    [FromUserName] => oemNh1jsYgd5gkcDXfFYrvW9FIMQ
    [CreateTime] => 1538193658
    [MsgType] => event
    [Event] => SCAN
    [EventKey] => sc574mf25pnu01hb2grggs0sau
    [Ticket] => gQE78TwAAAAAAAAAAS5odHRwOi8vd2VpeGluLnFxLmNvbS9xLzAyN0pvbGxJV3pkeG0xMDAwMHcwN2sAAgSt065bAwQAAAAA
)
Array
(
    [ToUserName] => gh_ef9280ec87dc
    [FromUserName] => oemNh1jsYgd5gkcDXfFYrvW9FIMQ
    [CreateTime] => 1538195475
    [MsgType] => event
    [Event] => SCAN
    [EventKey] => 1sc574mf25pnu01hb2grggs0sau
    [Ticket] => gQFU8TwAAAAAAAAAAS5odHRwOi8vd2VpeGluLnFxLmNvbS9xLzAyaldQVWtjV3pkeG0xMDAwMGcwN0UAAgSE9q5bAwQAAAAA
)
Array
(
    [ToUserName] => gh_ef9280ec87dc
    [FromUserName] => oemNh1jsYgd5gkcDXfFYrvW9FIMQ
    [CreateTime] => 1538195695
    [MsgType] => event
    [Event] => SCAN
    [EventKey] => 1sc574mf25pnu01hb2grggs0sau
    [Ticket] => gQFU8TwAAAAAAAAAAS5odHRwOi8vd2VpeGluLnFxLmNvbS9xLzAyaldQVWtjV3pkeG0xMDAwMGcwN0UAAgSE9q5bAwQAAAAA
)
sc574mf25pnu01hb2grggs0sau,1Array
(
    [ToUserName] => gh_ef9280ec87dc
    [FromUserName] => oemNh1jsYgd5gkcDXfFYrvW9FIMQ
    [CreateTime] => 1538196861
    [MsgType] => event
    [Event] => SCAN
    [EventKey] => 2sc574mf25pnu01hb2grggs0sau
    [Ticket] => gQEF8TwAAAAAAAAAAS5odHRwOi8vd2VpeGluLnFxLmNvbS9xLzAybU5kaWszV3pkeG0xMDAwMHcwN2QAAgSz9a5bAwQAAAAA
)
Array
(
    [ToUserName] => gh_ef9280ec87dc
    [FromUserName] => oemNh1jsYgd5gkcDXfFYrvW9FIMQ
    [CreateTime] => 1538197079
    [MsgType] => event
    [Event] => SCAN
    [EventKey] => 2sc574mf25pnu01hb2grggs0sau
    [Ticket] => gQEF8TwAAAAAAAAAAS5odHRwOi8vd2VpeGluLnFxLmNvbS9xLzAybU5kaWszV3pkeG0xMDAwMHcwN2QAAgSz9a5bAwQAAAAA
)
Array
(
    [ToUserName] => gh_ef9280ec87dc
    [FromUserName] => oemNh1jsYgd5gkcDXfFYrvW9FIMQ
    [CreateTime] => 1538197630
    [MsgType] => event
    [Event] => SCAN
    [EventKey] => 2sc574mf25pnu01hb2grggs0sau
    [Ticket] => gQEF8TwAAAAAAAAAAS5odHRwOi8vd2VpeGluLnFxLmNvbS9xLzAybU5kaWszV3pkeG0xMDAwMHcwN2QAAgSz9a5bAwQAAAAA
)
Array
(
    [ToUserName] => gh_ef9280ec87dc
    [FromUserName] => oemNh1jsYgd5gkcDXfFYrvW9FIMQ
    [CreateTime] => 1538197761
    [MsgType] => event
    [Event] => SCAN
    [EventKey] => 2sc574mf25pnu01hb2grggs0sau
    [Ticket] => gQEF8TwAAAAAAAAAAS5odHRwOi8vd2VpeGluLnFxLmNvbS9xLzAybU5kaWszV3pkeG0xMDAwMHcwN2QAAgSz9a5bAwQAAAAA
)
Array
(
    [ToUserName] => gh_ef9280ec87dc
    [FromUserName] => oemNh1jsYgd5gkcDXfFYrvW9FIMQ
    [CreateTime] => 1538197997
    [MsgType] => event
    [Event] => SCAN
    [EventKey] => 2sc574mf25pnu01hb2grggs0sau
    [Ticket] => gQEF8TwAAAAAAAAAAS5odHRwOi8vd2VpeGluLnFxLmNvbS9xLzAybU5kaWszV3pkeG0xMDAwMHcwN2QAAgSz9a5bAwQAAAAA
)
Array
(
    [ToUserName] => gh_ef9280ec87dc
    [FromUserName] => oemNh1jsYgd5gkcDXfFYrvW9FIMQ
    [CreateTime] => 1538198262
    [MsgType] => event
    [Event] => SCAN
    [EventKey] => 2sc574mf25pnu01hb2grggs0sau
    [Ticket] => gQEF8TwAAAAAAAAAAS5odHRwOi8vd2VpeGluLnFxLmNvbS9xLzAybU5kaWszV3pkeG0xMDAwMHcwN2QAAgSz9a5bAwQAAAAA
)
Array
(
    [ToUserName] => gh_ef9280ec87dc
    [FromUserName] => oemNh1jsYgd5gkcDXfFYrvW9FIMQ
    [CreateTime] => 1538198270
    [MsgType] => event
    [Event] => TEMPLATESENDJOBFINISH
    [MsgID] => 479929035409883137
    [Status] => success
)
Array
(
    [ToUserName] => gh_ef9280ec87dc
    [FromUserName] => oemNh1jsYgd5gkcDXfFYrvW9FIMQ
    [CreateTime] => 1538198420
    [MsgType] => event
    [Event] => SCAN
    [EventKey] => 2sc574mf25pnu01hb2grggs0sau
    [Ticket] => gQEF8TwAAAAAAAAAAS5odHRwOi8vd2VpeGluLnFxLmNvbS9xLzAybU5kaWszV3pkeG0xMDAwMHcwN2QAAgSz9a5bAwQAAAAA
)
Array
(
    [ToUserName] => gh_ef9280ec87dc
    [FromUserName] => oemNh1jsYgd5gkcDXfFYrvW9FIMQ
    [CreateTime] => 1538198485
    [MsgType] => event
    [Event] => SCAN
    [EventKey] => 2sc574mf25pnu01hb2grggs0sau
    [Ticket] => gQEF8TwAAAAAAAAAAS5odHRwOi8vd2VpeGluLnFxLmNvbS9xLzAybU5kaWszV3pkeG0xMDAwMHcwN2QAAgSz9a5bAwQAAAAA
)
Array
(
    [ToUserName] => gh_ef9280ec87dc
    [FromUserName] => oemNh1jsYgd5gkcDXfFYrvW9FIMQ
    [CreateTime] => 1538198506
    [MsgType] => event
    [Event] => SCAN
    [EventKey] => 2sc574mf25pnu01hb2grggs0sau
    [Ticket] => gQEF8TwAAAAAAAAAAS5odHRwOi8vd2VpeGluLnFxLmNvbS9xLzAybU5kaWszV3pkeG0xMDAwMHcwN2QAAgSz9a5bAwQAAAAA
)
Array
(
    [ToUserName] => gh_ef9280ec87dc
    [FromUserName] => oemNh1jsYgd5gkcDXfFYrvW9FIMQ
    [CreateTime] => 1538198535
    [MsgType] => event
    [Event] => SCAN
    [EventKey] => 2sc574mf25pnu01hb2grggs0sau
    [Ticket] => gQEF8TwAAAAAAAAAAS5odHRwOi8vd2VpeGluLnFxLmNvbS9xLzAybU5kaWszV3pkeG0xMDAwMHcwN2QAAgSz9a5bAwQAAAAA
)
Array
(
    [ToUserName] => gh_ef9280ec87dc
    [FromUserName] => oemNh1jsYgd5gkcDXfFYrvW9FIMQ
    [CreateTime] => 1538198572
    [MsgType] => event
    [Event] => SCAN
    [EventKey] => 2sc574mf25pnu01hb2grggs0sau
    [Ticket] => gQEF8TwAAAAAAAAAAS5odHRwOi8vd2VpeGluLnFxLmNvbS9xLzAybU5kaWszV3pkeG0xMDAwMHcwN2QAAgSz9a5bAwQAAAAA
)
Array
(
    [ToUserName] => gh_ef9280ec87dc
    [FromUserName] => oemNh1jsYgd5gkcDXfFYrvW9FIMQ
    [CreateTime] => 1538198578
    [MsgType] => event
    [Event] => SCAN
    [EventKey] => 2sc574mf25pnu01hb2grggs0sau
    [Ticket] => gQEF8TwAAAAAAAAAAS5odHRwOi8vd2VpeGluLnFxLmNvbS9xLzAybU5kaWszV3pkeG0xMDAwMHcwN2QAAgSz9a5bAwQAAAAA
)
Array
(
    [ToUserName] => gh_ef9280ec87dc
    [FromUserName] => oemNh1jsYgd5gkcDXfFYrvW9FIMQ
    [CreateTime] => 1538198703
    [MsgType] => event
    [Event] => SCAN
    [EventKey] => 2sc574mf25pnu01hb2grggs0sau
    [Ticket] => gQEF8TwAAAAAAAAAAS5odHRwOi8vd2VpeGluLnFxLmNvbS9xLzAybU5kaWszV3pkeG0xMDAwMHcwN2QAAgSz9a5bAwQAAAAA
)
Array
(
    [ToUserName] => gh_ef9280ec87dc
    [FromUserName] => oemNh1jA_1arXGbpj6EinxVjaPE0
    [CreateTime] => 1538198885
    [MsgType] => event
    [Event] => SCAN
    [EventKey] => 2sc574mf25pnu01hb2grggs0sau
    [Ticket] => gQEF8TwAAAAAAAAAAS5odHRwOi8vd2VpeGluLnFxLmNvbS9xLzAybU5kaWszV3pkeG0xMDAwMHcwN2QAAgSz9a5bAwQAAAAA
)
Array
(
    [ToUserName] => gh_ef9280ec87dc
    [FromUserName] => oemNh1jA_1arXGbpj6EinxVjaPE0
    [CreateTime] => 1538199007
    [MsgType] => event
    [Event] => SCAN
    [EventKey] => 2sc574mf25pnu01hb2grggs0sau
    [Ticket] => gQEF8TwAAAAAAAAAAS5odHRwOi8vd2VpeGluLnFxLmNvbS9xLzAybU5kaWszV3pkeG0xMDAwMHcwN2QAAgSz9a5bAwQAAAAA
)
Array
(
    [ToUserName] => gh_ef9280ec87dc
    [FromUserName] => oemNh1jA_1arXGbpj6EinxVjaPE0
    [CreateTime] => 1538199013
    [MsgType] => event
    [Event] => TEMPLATESENDJOBFINISH
    [MsgID] => 479941501351247872
    [Status] => success
)
Array
(
    [ToUserName] => gh_ef9280ec87dc
    [FromUserName] => oemNh1jA_1arXGbpj6EinxVjaPE0
    [CreateTime] => 1538200123
    [MsgType] => event
    [Event] => SCAN
    [EventKey] => 2sc574mf25pnu01hb2grggs0sau
    [Ticket] => gQEF8TwAAAAAAAAAAS5odHRwOi8vd2VpeGluLnFxLmNvbS9xLzAybU5kaWszV3pkeG0xMDAwMHcwN2QAAgSz9a5bAwQAAAAA
)
Array
(
    [ToUserName] => gh_ef9280ec87dc
    [FromUserName] => oemNh1jA_1arXGbpj6EinxVjaPE0
    [CreateTime] => 1538200191
    [MsgType] => event
    [Event] => TEMPLATESENDJOBFINISH
    [MsgID] => 479961261170376707
    [Status] => success
)
Array
(
    [ToUserName] => gh_ef9280ec87dc
    [FromUserName] => oemNh1jA_1arXGbpj6EinxVjaPE0
    [CreateTime] => 1538200666
    [MsgType] => event
    [Event] => SCAN
    [EventKey] => 2sc574mf25pnu01hb2grggs0sau
    [Ticket] => gQEF8TwAAAAAAAAAAS5odHRwOi8vd2VpeGluLnFxLmNvbS9xLzAybU5kaWszV3pkeG0xMDAwMHcwN2QAAgSz9a5bAwQAAAAA
)
Array
(
    [ToUserName] => gh_ef9280ec87dc
    [FromUserName] => oemNh1jA_1arXGbpj6EinxVjaPE0
    [CreateTime] => 1538200678
    [MsgType] => event
    [Event] => SCAN
    [EventKey] => 2sc574mf25pnu01hb2grggs0sau
    [Ticket] => gQEF8TwAAAAAAAAAAS5odHRwOi8vd2VpeGluLnFxLmNvbS9xLzAybU5kaWszV3pkeG0xMDAwMHcwN2QAAgSz9a5bAwQAAAAA
)
Array
(
    [ToUserName] => gh_ef9280ec87dc
    [FromUserName] => oemNh1jA_1arXGbpj6EinxVjaPE0
    [CreateTime] => 1538200687
    [MsgType] => event
    [Event] => TEMPLATESENDJOBFINISH
    [MsgID] => 479969589783052290
    [Status] => success
)
Array
(
    [ToUserName] => gh_ef9280ec87dc
    [FromUserName] => oemNh1jA_1arXGbpj6EinxVjaPE0
    [CreateTime] => 1538201184
    [MsgType] => event
    [Event] => SCAN
    [EventKey] => 2sc574mf25pnu01hb2grggs0sau
    [Ticket] => gQEF8TwAAAAAAAAAAS5odHRwOi8vd2VpeGluLnFxLmNvbS9xLzAybU5kaWszV3pkeG0xMDAwMHcwN2QAAgSz9a5bAwQAAAAA
)
Array
(
    [ToUserName] => gh_ef9280ec87dc
    [FromUserName] => oemNh1jsYgd5gkcDXfFYrvW9FIMQ
    [CreateTime] => 1538201267
    [MsgType] => event
    [Event] => SCAN
    [EventKey] => 2sc574mf25pnu01hb2grggs0sau
    [Ticket] => gQEF8TwAAAAAAAAAAS5odHRwOi8vd2VpeGluLnFxLmNvbS9xLzAybU5kaWszV3pkeG0xMDAwMHcwN2QAAgSz9a5bAwQAAAAA
)
Array
(
    [ToUserName] => gh_ef9280ec87dc
    [FromUserName] => oemNh1jA_1arXGbpj6EinxVjaPE0
    [CreateTime] => 1538201284
    [MsgType] => event
    [Event] => TEMPLATESENDJOBFINISH
    [MsgID] => 479979593953067009
    [Status] => success
)
Array
(
    [ToUserName] => gh_ef9280ec87dc
    [FromUserName] => oemNh1jsYgd5gkcDXfFYrvW9FIMQ
    [CreateTime] => 1538201322
    [MsgType] => event
    [Event] => TEMPLATESENDJOBFINISH
    [MsgID] => 479980234557390848
    [Status] => success
)
Array
(
    [ToUserName] => gh_ef9280ec87dc
    [FromUserName] => oemNh1jA_1arXGbpj6EinxVjaPE0
    [CreateTime] => 1538201687
    [MsgType] => event
    [Event] => SCAN
    [EventKey] => 2sc574mf25pnu01hb2grggs0sau
    [Ticket] => gQEF8TwAAAAAAAAAAS5odHRwOi8vd2VpeGluLnFxLmNvbS9xLzAybU5kaWszV3pkeG0xMDAwMHcwN2QAAgSz9a5bAwQAAAAA
)
Array
(
    [ToUserName] => gh_ef9280ec87dc
    [FromUserName] => oemNh1jA_1arXGbpj6EinxVjaPE0
    [CreateTime] => 1538201694
    [MsgType] => event
    [Event] => TEMPLATESENDJOBFINISH
    [MsgID] => 479986479406399490
    [Status] => success
)
Array
(
    [ToUserName] => gh_ef9280ec87dc
    [FromUserName] => oemNh1jA_1arXGbpj6EinxVjaPE0
    [CreateTime] => 1538201721
    [MsgType] => event
    [Event] => SCAN
    [EventKey] => 2sc574mf25pnu01hb2grggs0sau
    [Ticket] => gQEF8TwAAAAAAAAAAS5odHRwOi8vd2VpeGluLnFxLmNvbS9xLzAybU5kaWszV3pkeG0xMDAwMHcwN2QAAgSz9a5bAwQAAAAA
)
Array
(
    [ToUserName] => gh_ef9280ec87dc
    [FromUserName] => oemNh1jA_1arXGbpj6EinxVjaPE0
    [CreateTime] => 1538201740
    [MsgType] => event
    [Event] => SCAN
    [EventKey] => 2sc574mf25pnu01hb2grggs0sau
    [Ticket] => gQEF8TwAAAAAAAAAAS5odHRwOi8vd2VpeGluLnFxLmNvbS9xLzAybU5kaWszV3pkeG0xMDAwMHcwN2QAAgSz9a5bAwQAAAAA
)
Array
(
    [ToUserName] => gh_ef9280ec87dc
    [FromUserName] => oemNh1jA_1arXGbpj6EinxVjaPE0
    [CreateTime] => 1538201747
    [MsgType] => event
    [Event] => TEMPLATESENDJOBFINISH
    [MsgID] => 479987358834507777
    [Status] => success
)
Array
(
    [ToUserName] => gh_ef9280ec87dc
    [FromUserName] => oemNh1jA_1arXGbpj6EinxVjaPE0
    [CreateTime] => 1538209087
    [MsgType] => event
    [Event] => SCAN
    [EventKey] => 1sc574mf25pnu01hb2grggs0sau
    [Ticket] => gQFU8TwAAAAAAAAAAS5odHRwOi8vd2VpeGluLnFxLmNvbS9xLzAyaldQVWtjV3pkeG0xMDAwMGcwN0UAAgSE9q5bAwQAAAAA
)
Array
(
    [ToUserName] => gh_ef9280ec87dc
    [FromUserName] => oemNh1jA_1arXGbpj6EinxVjaPE0
    [CreateTime] => 1538209100
    [MsgType] => event
    [Event] => SCAN
    [EventKey] => 1sc574mf25pnu01hb2grggs0sau
    [Ticket] => gQFU8TwAAAAAAAAAAS5odHRwOi8vd2VpeGluLnFxLmNvbS9xLzAyaldQVWtjV3pkeG0xMDAwMGcwN0UAAgSE9q5bAwQAAAAA
)
Array
(
    [ToUserName] => gh_ef9280ec87dc
    [FromUserName] => oemNh1jA_1arXGbpj6EinxVjaPE0
    [CreateTime] => 1538209167
    [MsgType] => event
    [Event] => TEMPLATESENDJOBFINISH
    [MsgID] => 480111844586045441
    [Status] => success
)
Array
(
    [ToUserName] => gh_ef9280ec87dc
    [FromUserName] => oemNh1jA_1arXGbpj6EinxVjaPE0
    [CreateTime] => 1538209190
    [MsgType] => event
    [Event] => SCAN
    [EventKey] => 1sc574mf25pnu01hb2grggs0sau
    [Ticket] => gQFU8TwAAAAAAAAAAS5odHRwOi8vd2VpeGluLnFxLmNvbS9xLzAyaldQVWtjV3pkeG0xMDAwMGcwN0UAAgSE9q5bAwQAAAAA
)
Array
(
    [ToUserName] => gh_ef9280ec87dc
    [FromUserName] => oemNh1jA_1arXGbpj6EinxVjaPE0
    [CreateTime] => 1538209205
    [MsgType] => event
    [Event] => TEMPLATESENDJOBFINISH
    [MsgID] => 480112493226770433
    [Status] => success
)
Array
(
    [ToUserName] => gh_ef9280ec87dc
    [FromUserName] => oemNh1jA_1arXGbpj6EinxVjaPE0
    [CreateTime] => 1538209225
    [MsgType] => event
    [Event] => SCAN
    [EventKey] => 1sc574mf25pnu01hb2grggs0sau
    [Ticket] => gQFU8TwAAAAAAAAAAS5odHRwOi8vd2VpeGluLnFxLmNvbS9xLzAyaldQVWtjV3pkeG0xMDAwMGcwN0UAAgSE9q5bAwQAAAAA
)
Array
(
    [ToUserName] => gh_ef9280ec87dc
    [FromUserName] => oemNh1jA_1arXGbpj6EinxVjaPE0
    [CreateTime] => 1538209238
    [MsgType] => event
    [Event] => SCAN
    [EventKey] => 1sc574mf25pnu01hb2grggs0sau
    [Ticket] => gQFU8TwAAAAAAAAAAS5odHRwOi8vd2VpeGluLnFxLmNvbS9xLzAyaldQVWtjV3pkeG0xMDAwMGcwN0UAAgSE9q5bAwQAAAAA
)
Array
(
    [ToUserName] => gh_ef9280ec87dc
    [FromUserName] => oemNh1jA_1arXGbpj6EinxVjaPE0
    [CreateTime] => 1538209254
    [MsgType] => event
    [Event] => TEMPLATESENDJOBFINISH
    [MsgID] => 480113308599468037
    [Status] => success
)
Array
(
    [ToUserName] => gh_ef9280ec87dc
    [FromUserName] => oemNh1jA_1arXGbpj6EinxVjaPE0
    [CreateTime] => 1538209278
    [MsgType] => event
    [Event] => SCAN
    [EventKey] => 1sc574mf25pnu01hb2grggs0sau
    [Ticket] => gQFU8TwAAAAAAAAAAS5odHRwOi8vd2VpeGluLnFxLmNvbS9xLzAyaldQVWtjV3pkeG0xMDAwMGcwN0UAAgSE9q5bAwQAAAAA
)
Array
(
    [ToUserName] => gh_ef9280ec87dc
    [FromUserName] => oemNh1jA_1arXGbpj6EinxVjaPE0
    [CreateTime] => 1538209295
    [MsgType] => event
    [Event] => TEMPLATESENDJOBFINISH
    [MsgID] => 480114007571841025
    [Status] => success
)
Array
(
    [ToUserName] => gh_ef9280ec87dc
    [FromUserName] => oemNh1qMExyFh2matsPdYsRMgJh0
    [CreateTime] => 1538452700
    [MsgType] => event
    [Event] => VIEW
    [EventKey] => https://open.weixin.qq.com/connect/oauth2/authorize?appid=wxf50dc03dd5f160a7&redirect_uri=http://luo.luomengyaun.club/login_weixin&response_type=code&scope=snsapi_userinfo&state=STATE#wechat_redirect
    [MenuId] => 693012330
)
Array
(
    [ToUserName] => gh_ef9280ec87dc
    [FromUserName] => oemNh1qMExyFh2matsPdYsRMgJh0
    [CreateTime] => 1538452704
    [MsgType] => event
    [Event] => VIEW
    [EventKey] => https://open.weixin.qq.com/connect/oauth2/authorize?appid=wxf50dc03dd5f160a7&redirect_uri=http://yuan.jinxiaofei.xyz/law_knowledge&response_type=code&scope=snsapi_userinfo&state=STATE#wechat_redirect
    [MenuId] => 693012330
)
Array
(
    [ToUserName] => gh_ef9280ec87dc
    [FromUserName] => oemNh1qMExyFh2matsPdYsRMgJh0
    [CreateTime] => 1538452710
    [MsgType] => event
    [Event] => VIEW
    [EventKey] => https://open.weixin.qq.com/connect/oauth2/authorize?appid=wxf50dc03dd5f160a7&redirect_uri=http://luo.luomengyaun.club/login_weixin&response_type=code&scope=snsapi_userinfo&state=STATE#wechat_redirect
    [MenuId] => 693012330
)
Array
(
    [ToUserName] => gh_ef9280ec87dc
    [FromUserName] => oemNh1qMExyFh2matsPdYsRMgJh0
    [CreateTime] => 1538452717
    [MsgType] => event
    [Event] => VIEW
    [EventKey] => https://open.weixin.qq.com/connect/oauth2/authorize?appid=wxf50dc03dd5f160a7&redirect_uri=http://yuan.jinxiaofei.xyz/law_knowledge&response_type=code&scope=snsapi_userinfo&state=STATE#wechat_redirect
    [MenuId] => 693012330
)
Array
(
    [ToUserName] => gh_ef9280ec87dc
    [FromUserName] => oemNh1uWyFO1K6hF7Trgvj2hLnSY
    [CreateTime] => 1538936278
    [MsgType] => event
    [Event] => VIEW
    [EventKey] => http://yuan.jinxiaofei.xyz/ssss?id=1
    [MenuId] => 693021697
)
Array
(
    [ToUserName] => gh_ef9280ec87dc
    [FromUserName] => oemNh1jsYgd5gkcDXfFYrvW9FIMQ
    [CreateTime] => 1538962058
    [MsgType] => event
    [Event] => VIEW
    [EventKey] => http://yuan.jinxiaofei.xyz/ssss?id=3
    [MenuId] => 693021697
)
Array
(
    [ToUserName] => gh_ef9280ec87dc
    [FromUserName] => oemNh1jsYgd5gkcDXfFYrvW9FIMQ
    [CreateTime] => 1538962067
    [MsgType] => event
    [Event] => VIEW
    [EventKey] => http://yuan.jinxiaofei.xyz/ssss?id=1
    [MenuId] => 693021697
)
Array
(
    [ToUserName] => gh_ef9280ec87dc
    [FromUserName] => oemNh1jsYgd5gkcDXfFYrvW9FIMQ
    [CreateTime] => 1538962075
    [MsgType] => event
    [Event] => VIEW
    [EventKey] => http://yuan.jinxiaofei.xyz/ssss?id=2
    [MenuId] => 693021697
)
Array
(
    [ToUserName] => gh_ef9280ec87dc
    [FromUserName] => oemNh1jsYgd5gkcDXfFYrvW9FIMQ
    [CreateTime] => 1538962078
    [MsgType] => event
    [Event] => VIEW
    [EventKey] => http://yuan.jinxiaofei.xyz/ssss?id=1
    [MenuId] => 693021697
)
Array
(
    [ToUserName] => gh_ef9280ec87dc
    [FromUserName] => oemNh1jsYgd5gkcDXfFYrvW9FIMQ
    [CreateTime] => 1538962196
    [MsgType] => event
    [Event] => VIEW
    [EventKey] => http://yuan.jinxiaofei.xyz/ssss?id=2
    [MenuId] => 693021697
)
Array
(
    [ToUserName] => gh_ef9280ec87dc
    [FromUserName] => oemNh1jsYgd5gkcDXfFYrvW9FIMQ
    [CreateTime] => 1538962222
    [MsgType] => event
    [Event] => VIEW
    [EventKey] => http://yuan.jinxiaofei.xyz/ssss?id=1
    [MenuId] => 693021697
)
Array
(
    [ToUserName] => gh_ef9280ec87dc
    [FromUserName] => oemNh1jsYgd5gkcDXfFYrvW9FIMQ
    [CreateTime] => 1538962228
    [MsgType] => event
    [Event] => VIEW
    [EventKey] => http://yuan.jinxiaofei.xyz/ssss?id=2
    [MenuId] => 693021697
)
Array
(
    [ToUserName] => gh_ef9280ec87dc
    [FromUserName] => oemNh1jsYgd5gkcDXfFYrvW9FIMQ
    [CreateTime] => 1538962259
    [MsgType] => event
    [Event] => VIEW
    [EventKey] => http://yuan.jinxiaofei.xyz/ssss?id=2
    [MenuId] => 693021697
)
Array
(
    [ToUserName] => gh_ef9280ec87dc
    [FromUserName] => oemNh1jsYgd5gkcDXfFYrvW9FIMQ
    [CreateTime] => 1538962390
    [MsgType] => event
    [Event] => VIEW
    [EventKey] => http://yuan.jinxiaofei.xyz/ssss?id=2
    [MenuId] => 693021697
)
Array
(
    [ToUserName] => gh_ef9280ec87dc
    [FromUserName] => oemNh1jsYgd5gkcDXfFYrvW9FIMQ
    [CreateTime] => 1538962602
    [MsgType] => event
    [Event] => VIEW
    [EventKey] => http://yuan.jinxiaofei.xyz/ssss?id=3
    [MenuId] => 693021697
)
1Array
(
    [ToUserName] => gh_ef9280ec87dc
    [FromUserName] => oemNh1jsYgd5gkcDXfFYrvW9FIMQ
    [CreateTime] => 1538962678
    [MsgType] => event
    [Event] => VIEW
    [EventKey] => http://yuan.jinxiaofei.xyz/ssss?id=3
    [MenuId] => 693021697
)
Array
(
    [ToUserName] => gh_ef9280ec87dc
    [FromUserName] => oemNh1jA_1arXGbpj6EinxVjaPE0
    [CreateTime] => 1538966463
    [MsgType] => event
    [Event] => VIEW
    [EventKey] => http://yuan.jinxiaofei.xyz/ssss?id=3
    [MenuId] => 693021697
)
Array
(
    [ToUserName] => gh_ef9280ec87dc
    [FromUserName] => oemNh1jA_1arXGbpj6EinxVjaPE0
    [CreateTime] => 1538966492
    [MsgType] => event
    [Event] => VIEW
    [EventKey] => http://yuan.jinxiaofei.xyz/ssss?id=1
    [MenuId] => 693021697
)
Array
(
    [ToUserName] => gh_ef9280ec87dc
    [FromUserName] => oemNh1jA_1arXGbpj6EinxVjaPE0
    [CreateTime] => 1538966496
    [MsgType] => event
    [Event] => VIEW
    [EventKey] => http://yuan.jinxiaofei.xyz/ssss?id=1
    [MenuId] => 693021697
)
Array
(
    [ToUserName] => gh_ef9280ec87dc
    [FromUserName] => oemNh1jA_1arXGbpj6EinxVjaPE0
    [CreateTime] => 1538966500
    [MsgType] => event
    [Event] => VIEW
    [EventKey] => http://yuan.jinxiaofei.xyz/ssss?id=2
    [MenuId] => 693021697
)
Array
(
    [ToUserName] => gh_ef9280ec87dc
    [FromUserName] => oemNh1jA_1arXGbpj6EinxVjaPE0
    [CreateTime] => 1538966504
    [MsgType] => event
    [Event] => VIEW
    [EventKey] => http://yuan.jinxiaofei.xyz/ssss?id=1
    [MenuId] => 693021697
)
Array
(
    [ToUserName] => gh_ef9280ec87dc
    [FromUserName] => oemNh1jA_1arXGbpj6EinxVjaPE0
    [CreateTime] => 1538966509
    [MsgType] => event
    [Event] => VIEW
    [EventKey] => http://yuan.jinxiaofei.xyz/ssss?id=1
    [MenuId] => 693021697
)
Array
(
    [ToUserName] => gh_ef9280ec87dc
    [FromUserName] => oemNh1jA_1arXGbpj6EinxVjaPE0
    [CreateTime] => 1538966539
    [MsgType] => event
    [Event] => VIEW
    [EventKey] => http://yuan.jinxiaofei.xyz/ssss?id=2
    [MenuId] => 693021697
)
Array
(
    [ToUserName] => gh_ef9280ec87dc
    [FromUserName] => oemNh1jA_1arXGbpj6EinxVjaPE0
    [CreateTime] => 1538966545
    [MsgType] => event
    [Event] => VIEW
    [EventKey] => http://yuan.jinxiaofei.xyz/ssss?id=2
    [MenuId] => 693021697
)
Array
(
    [ToUserName] => gh_ef9280ec87dc
    [FromUserName] => oemNh1jA_1arXGbpj6EinxVjaPE0
    [CreateTime] => 1538966623
    [MsgType] => event
    [Event] => VIEW
    [EventKey] => http://yuan.jinxiaofei.xyz/ssss?id=2
    [MenuId] => 693021697
)
Array
(
    [ToUserName] => gh_ef9280ec87dc
    [FromUserName] => oemNh1jA_1arXGbpj6EinxVjaPE0
    [CreateTime] => 1538966637
    [MsgType] => event
    [Event] => VIEW
    [EventKey] => http://yuan.jinxiaofei.xyz/ssss?id=2
    [MenuId] => 693021697
)
Array
(
    [ToUserName] => gh_ef9280ec87dc
    [FromUserName] => oemNh1jA_1arXGbpj6EinxVjaPE0
    [CreateTime] => 1538966730
    [MsgType] => event
    [Event] => VIEW
    [EventKey] => http://yuan.jinxiaofei.xyz/ssss?id=2
    [MenuId] => 693021697
)
Array
(
    [ToUserName] => gh_ef9280ec87dc
    [FromUserName] => oemNh1jA_1arXGbpj6EinxVjaPE0
    [CreateTime] => 1538967685
    [MsgType] => event
    [Event] => VIEW
    [EventKey] => http://yuan.jinxiaofei.xyz/ssss?id=2
    [MenuId] => 693021697
)
Array
(
    [ToUserName] => gh_ef9280ec87dc
    [FromUserName] => oemNh1jsYgd5gkcDXfFYrvW9FIMQ
    [CreateTime] => 1538967726
    [MsgType] => event
    [Event] => VIEW
    [EventKey] => http://yuan.jinxiaofei.xyz/ssss?id=3
    [MenuId] => 693021697
)
Array
(
    [ToUserName] => gh_ef9280ec87dc
    [FromUserName] => oemNh1jsYgd5gkcDXfFYrvW9FIMQ
    [CreateTime] => 1538967730
    [MsgType] => event
    [Event] => VIEW
    [EventKey] => http://yuan.jinxiaofei.xyz/ssss?id=2
    [MenuId] => 693021697
)
Array
(
    [ToUserName] => gh_ef9280ec87dc
    [FromUserName] => oemNh1jsYgd5gkcDXfFYrvW9FIMQ
    [CreateTime] => 1538967742
    [MsgType] => event
    [Event] => VIEW
    [EventKey] => http://yuan.jinxiaofei.xyz/ssss?id=3
    [MenuId] => 693021697
)
Array
(
    [ToUserName] => gh_ef9280ec87dc
    [FromUserName] => oemNh1jsYgd5gkcDXfFYrvW9FIMQ
    [CreateTime] => 1538968170
    [MsgType] => event
    [Event] => VIEW
    [EventKey] => http://yuan.jinxiaofei.xyz/ssss?id=2
    [MenuId] => 693021697
)
Array
(
    [ToUserName] => gh_ef9280ec87dc
    [FromUserName] => oemNh1jsYgd5gkcDXfFYrvW9FIMQ
    [CreateTime] => 1538968175
    [MsgType] => event
    [Event] => VIEW
    [EventKey] => http://yuan.jinxiaofei.xyz/ssss?id=2
    [MenuId] => 693021697
)
Array
(
    [ToUserName] => gh_ef9280ec87dc
    [FromUserName] => oemNh1jsYgd5gkcDXfFYrvW9FIMQ
    [CreateTime] => 1538968194
    [MsgType] => event
    [Event] => VIEW
    [EventKey] => http://yuan.jinxiaofei.xyz/ssss?id=3
    [MenuId] => 693021697
)
Array
(
    [ToUserName] => gh_ef9280ec87dc
    [FromUserName] => oemNh1jsYgd5gkcDXfFYrvW9FIMQ
    [CreateTime] => 1538968422
    [MsgType] => event
    [Event] => VIEW
    [EventKey] => http://yuan.jinxiaofei.xyz/ssss?id=3
    [MenuId] => 693021697
)
Array
(
    [ToUserName] => gh_ef9280ec87dc
    [FromUserName] => oemNh1jsYgd5gkcDXfFYrvW9FIMQ
    [CreateTime] => 1538968456
    [MsgType] => event
    [Event] => VIEW
    [EventKey] => http://yuan.jinxiaofei.xyz/ssss?id=3
    [MenuId] => 693021697
)
Array
(
    [ToUserName] => gh_ef9280ec87dc
    [FromUserName] => oemNh1jsYgd5gkcDXfFYrvW9FIMQ
    [CreateTime] => 1538968465
    [MsgType] => event
    [Event] => VIEW
    [EventKey] => http://yuan.jinxiaofei.xyz/ssss?id=3
    [MenuId] => 693021697
)
Array
(
    [ToUserName] => gh_ef9280ec87dc
    [FromUserName] => oemNh1jA_1arXGbpj6EinxVjaPE0
    [CreateTime] => 1538977919
    [MsgType] => event
    [Event] => VIEW
    [EventKey] => http://yuan.jinxiaofei.xyz/ssss?id=2
    [MenuId] => 693021697
)
Array
(
    [ToUserName] => gh_ef9280ec87dc
    [FromUserName] => oemNh1jsYgd5gkcDXfFYrvW9FIMQ
    [CreateTime] => 1538978003
    [MsgType] => event
    [Event] => VIEW
    [EventKey] => http://yuan.jinxiaofei.xyz/ssss?id=3
    [MenuId] => 693021697
)
Array
(
    [ToUserName] => gh_ef9280ec87dc
    [FromUserName] => oemNh1jsYgd5gkcDXfFYrvW9FIMQ
    [CreateTime] => 1538978048
    [MsgType] => event
    [Event] => VIEW
    [EventKey] => http://yuan.jinxiaofei.xyz/ssss?id=3
    [MenuId] => 693021697
)
Array
(
    [ToUserName] => gh_ef9280ec87dc
    [FromUserName] => oemNh1jsYgd5gkcDXfFYrvW9FIMQ
    [CreateTime] => 1538981326
    [MsgType] => event
    [Event] => VIEW
    [EventKey] => http://yuan.jinxiaofei.xyz/ssss?id=2
    [MenuId] => 693021697
)
Array
(
    [ToUserName] => gh_ef9280ec87dc
    [FromUserName] => oemNh1jsYgd5gkcDXfFYrvW9FIMQ
    [CreateTime] => 1538981331
    [MsgType] => event
    [Event] => VIEW
    [EventKey] => http://yuan.jinxiaofei.xyz/ssss?id=3
    [MenuId] => 693021697
)
Array
(
    [ToUserName] => gh_ef9280ec87dc
    [FromUserName] => oemNh1kaJ6dYK6ZrmL3NXn1odWg8
    [CreateTime] => 1538981388
    [MsgType] => event
    [Event] => VIEW
    [EventKey] => http://yuan.jinxiaofei.xyz/ssss?id=2
    [MenuId] => 693021697
)
Array
(
    [ToUserName] => gh_ef9280ec87dc
    [FromUserName] => oemNh1kaJ6dYK6ZrmL3NXn1odWg8
    [CreateTime] => 1538981482
    [MsgType] => event
    [Event] => VIEW
    [EventKey] => http://yuan.jinxiaofei.xyz/ssss?id=2
    [MenuId] => 693021697
)
Array
(
    [ToUserName] => gh_ef9280ec87dc
    [FromUserName] => oemNh1kaJ6dYK6ZrmL3NXn1odWg8
    [CreateTime] => 1538981509
    [MsgType] => event
    [Event] => VIEW
    [EventKey] => http://yuan.jinxiaofei.xyz/ssss?id=3
    [MenuId] => 693021697
)
Array
(
    [ToUserName] => gh_ef9280ec87dc
    [FromUserName] => oemNh1kaJ6dYK6ZrmL3NXn1odWg8
    [CreateTime] => 1538981523
    [MsgType] => event
    [Event] => VIEW
    [EventKey] => http://yuan.jinxiaofei.xyz/ssss?id=2
    [MenuId] => 693021697
)
Array
(
    [ToUserName] => gh_ef9280ec87dc
    [FromUserName] => oemNh1kaJ6dYK6ZrmL3NXn1odWg8
    [CreateTime] => 1538981580
    [MsgType] => event
    [Event] => VIEW
    [EventKey] => http://yuan.jinxiaofei.xyz/ssss?id=2
    [MenuId] => 693021697
)
Array
(
    [ToUserName] => gh_ef9280ec87dc
    [FromUserName] => oemNh1jsYgd5gkcDXfFYrvW9FIMQ
    [CreateTime] => 1538981600
    [MsgType] => event
    [Event] => VIEW
    [EventKey] => http://yuan.jinxiaofei.xyz/ssss?id=3
    [MenuId] => 693021697
)
Array
(
    [ToUserName] => gh_ef9280ec87dc
    [FromUserName] => oemNh1kaJ6dYK6ZrmL3NXn1odWg8
    [CreateTime] => 1538981603
    [MsgType] => event
    [Event] => VIEW
    [EventKey] => http://yuan.jinxiaofei.xyz/ssss?id=3
    [MenuId] => 693021697
)
Array
(
    [ToUserName] => gh_ef9280ec87dc
    [FromUserName] => oemNh1kaJ6dYK6ZrmL3NXn1odWg8
    [CreateTime] => 1538981615
    [MsgType] => event
    [Event] => VIEW
    [EventKey] => http://yuan.jinxiaofei.xyz/ssss?id=2
    [MenuId] => 693021697
)
Array
(
    [ToUserName] => gh_ef9280ec87dc
    [FromUserName] => oemNh1kaJ6dYK6ZrmL3NXn1odWg8
    [CreateTime] => 1538981732
    [MsgType] => event
    [Event] => VIEW
    [EventKey] => http://yuan.jinxiaofei.xyz/ssss?id=2
    [MenuId] => 693021697
)
Array
(
    [ToUserName] => gh_ef9280ec87dc
    [FromUserName] => oemNh1kaJ6dYK6ZrmL3NXn1odWg8
    [CreateTime] => 1538982032
    [MsgType] => event
    [Event] => VIEW
    [EventKey] => http://yuan.jinxiaofei.xyz/ssss?id=2
    [MenuId] => 693021697
)
Array
(
    [ToUserName] => gh_ef9280ec87dc
    [FromUserName] => oemNh1kaJ6dYK6ZrmL3NXn1odWg8
    [CreateTime] => 1538982049
    [MsgType] => event
    [Event] => VIEW
    [EventKey] => http://yuan.jinxiaofei.xyz/ssss?id=2
    [MenuId] => 693021697
)
Array
(
    [ToUserName] => gh_ef9280ec87dc
    [FromUserName] => oemNh1kaJ6dYK6ZrmL3NXn1odWg8
    [CreateTime] => 1538982059
    [MsgType] => event
    [Event] => VIEW
    [EventKey] => http://yuan.jinxiaofei.xyz/ssss?id=2
    [MenuId] => 693021697
)
Array
(
    [ToUserName] => gh_ef9280ec87dc
    [FromUserName] => oemNh1kaJ6dYK6ZrmL3NXn1odWg8
    [CreateTime] => 1538982066
    [MsgType] => event
    [Event] => VIEW
    [EventKey] => http://yuan.jinxiaofei.xyz/ssss?id=2
    [MenuId] => 693021697
)
Array
(
    [ToUserName] => gh_ef9280ec87dc
    [FromUserName] => oemNh1kaJ6dYK6ZrmL3NXn1odWg8
    [CreateTime] => 1538982071
    [MsgType] => event
    [Event] => VIEW
    [EventKey] => http://yuan.jinxiaofei.xyz/ssss?id=2
    [MenuId] => 693021697
)
Array
(
    [ToUserName] => gh_ef9280ec87dc
    [FromUserName] => oemNh1kaJ6dYK6ZrmL3NXn1odWg8
    [CreateTime] => 1538982087
    [MsgType] => event
    [Event] => VIEW
    [EventKey] => http://yuan.jinxiaofei.xyz/ssss?id=2
    [MenuId] => 693021697
)
Array
(
    [ToUserName] => gh_ef9280ec87dc
    [FromUserName] => oemNh1kaJ6dYK6ZrmL3NXn1odWg8
    [CreateTime] => 1538982105
    [MsgType] => event
    [Event] => VIEW
    [EventKey] => http://yuan.jinxiaofei.xyz/ssss?id=2
    [MenuId] => 693021697
)
Array
(
    [ToUserName] => gh_ef9280ec87dc
    [FromUserName] => oemNh1kaJ6dYK6ZrmL3NXn1odWg8
    [CreateTime] => 1538982134
    [MsgType] => event
    [Event] => VIEW
    [EventKey] => http://yuan.jinxiaofei.xyz/ssss?id=2
    [MenuId] => 693021697
)
Array
(
    [ToUserName] => gh_ef9280ec87dc
    [FromUserName] => oemNh1kaJ6dYK6ZrmL3NXn1odWg8
    [CreateTime] => 1538982170
    [MsgType] => event
    [Event] => VIEW
    [EventKey] => http://yuan.jinxiaofei.xyz/ssss?id=2
    [MenuId] => 693021697
)
Array
(
    [ToUserName] => gh_ef9280ec87dc
    [FromUserName] => oemNh1jsYgd5gkcDXfFYrvW9FIMQ
    [CreateTime] => 1538983763
    [MsgType] => event
    [Event] => VIEW
    [EventKey] => http://yuan.jinxiaofei.xyz/ssss?id=2
    [MenuId] => 693021697
)
Array
(
    [ToUserName] => gh_ef9280ec87dc
    [FromUserName] => oemNh1jsYgd5gkcDXfFYrvW9FIMQ
    [CreateTime] => 1538983835
    [MsgType] => event
    [Event] => VIEW
    [EventKey] => http://yuan.jinxiaofei.xyz/ssss?id=3
    [MenuId] => 693021697
)
Array
(
    [ToUserName] => gh_ef9280ec87dc
    [FromUserName] => oemNh1jA_1arXGbpj6EinxVjaPE0
    [CreateTime] => 1538987434
    [MsgType] => event
    [Event] => VIEW
    [EventKey] => http://yuan.jinxiaofei.xyz/ssss?id=2
    [MenuId] => 693021697
)
Array
(
    [ToUserName] => gh_ef9280ec87dc
    [FromUserName] => oemNh1jsYgd5gkcDXfFYrvW9FIMQ
    [CreateTime] => 1538987938
    [MsgType] => event
    [Event] => VIEW
    [EventKey] => http://yuan.jinxiaofei.xyz/ssss?id=2
    [MenuId] => 693021697
)
Array
(
    [ToUserName] => gh_ef9280ec87dc
    [FromUserName] => oemNh1jsYgd5gkcDXfFYrvW9FIMQ
    [CreateTime] => 1539047014
    [MsgType] => event
    [Event] => VIEW
    [EventKey] => http://yuan.jinxiaofei.xyz/ssss?id=2
    [MenuId] => 693021697
)
Array
(
    [ToUserName] => gh_ef9280ec87dc
    [FromUserName] => oemNh1jA_1arXGbpj6EinxVjaPE0
    [CreateTime] => 1539047019
    [MsgType] => event
    [Event] => VIEW
    [EventKey] => http://yuan.jinxiaofei.xyz/ssss?id=2
    [MenuId] => 693021697
)
Array
(
    [ToUserName] => gh_ef9280ec87dc
    [FromUserName] => oemNh1jsYgd5gkcDXfFYrvW9FIMQ
    [CreateTime] => 1539047547
    [MsgType] => event
    [Event] => VIEW
    [EventKey] => http://yuan.jinxiaofei.xyz/ssss?id=2
    [MenuId] => 693021697
)
Array
(
    [ToUserName] => gh_ef9280ec87dc
    [FromUserName] => oemNh1jA_1arXGbpj6EinxVjaPE0
    [CreateTime] => 1539047555
    [MsgType] => event
    [Event] => VIEW
    [EventKey] => http://yuan.jinxiaofei.xyz/ssss?id=2
    [MenuId] => 693021697
)
Array
(
    [ToUserName] => gh_ef9280ec87dc
    [FromUserName] => oemNh1jsYgd5gkcDXfFYrvW9FIMQ
    [CreateTime] => 1539054566
    [MsgType] => event
    [Event] => VIEW
    [EventKey] => http://yuan.jinxiaofei.xyz/ssss?id=2
    [MenuId] => 693021697
)
Array
(
    [ToUserName] => gh_ef9280ec87dc
    [FromUserName] => oemNh1jsYgd5gkcDXfFYrvW9FIMQ
    [CreateTime] => 1539070655
    [MsgType] => event
    [Event] => VIEW
    [EventKey] => http://yuan.jinxiaofei.xyz/ssss?id=2
    [MenuId] => 693021697
)
Array
(
    [ToUserName] => gh_ef9280ec87dc
    [FromUserName] => oemNh1n8U3_0TyuH47RN6z1Va-NA
    [CreateTime] => 1539070771
    [MsgType] => event
    [Event] => subscribe
    [EventKey] => Array
        (
        )

)
Array
(
    [ToUserName] => gh_ef9280ec87dc
    [FromUserName] => oemNh1n8U3_0TyuH47RN6z1Va-NA
    [CreateTime] => 1539070771
    [MsgType] => event
    [Event] => subscribe
    [EventKey] => Array
        (
        )

)
Array
(
    [ToUserName] => gh_ef9280ec87dc
    [FromUserName] => oemNh1n8U3_0TyuH47RN6z1Va-NA
    [CreateTime] => 1539070771
    [MsgType] => event
    [Event] => subscribe
    [EventKey] => Array
        (
        )

)
Array
(
    [ToUserName] => gh_ef9280ec87dc
    [FromUserName] => oemNh1n8U3_0TyuH47RN6z1Va-NA
    [CreateTime] => 1539070781
    [MsgType] => event
    [Event] => VIEW
    [EventKey] => http://yuan.jinxiaofei.xyz/ssss?id=2
    [MenuId] => 693021697
)
Array
(
    [ToUserName] => gh_ef9280ec87dc
    [FromUserName] => oemNh1n8U3_0TyuH47RN6z1Va-NA
    [CreateTime] => 1539071141
    [MsgType] => event
    [Event] => VIEW
    [EventKey] => http://yuan.jinxiaofei.xyz/ssss?id=1
    [MenuId] => 693021697
)
Array
(
    [ToUserName] => gh_ef9280ec87dc
    [FromUserName] => oemNh1n8U3_0TyuH47RN6z1Va-NA
    [CreateTime] => 1539073008
    [MsgType] => event
    [Event] => VIEW
    [EventKey] => http://yuan.jinxiaofei.xyz/ssss?id=3
    [MenuId] => 693021697
)
Array
(
    [ToUserName] => gh_ef9280ec87dc
    [FromUserName] => oemNh1n8U3_0TyuH47RN6z1Va-NA
    [CreateTime] => 1539073033
    [MsgType] => event
    [Event] => VIEW
    [EventKey] => http://yuan.jinxiaofei.xyz/ssss?id=2
    [MenuId] => 693021697
)
Array
(
    [ToUserName] => gh_ef9280ec87dc
    [FromUserName] => oemNh1n8U3_0TyuH47RN6z1Va-NA
    [CreateTime] => 1539079273
    [MsgType] => event
    [Event] => VIEW
    [EventKey] => http://yuan.jinxiaofei.xyz/ssss?id=2
    [MenuId] => 693021697
)
Array
(
    [ToUserName] => gh_ef9280ec87dc
    [FromUserName] => oemNh1jA_1arXGbpj6EinxVjaPE0
    [CreateTime] => 1539079472
    [MsgType] => event
    [Event] => VIEW
    [EventKey] => http://yuan.jinxiaofei.xyz/ssss?id=2
    [MenuId] => 693021697
)
Array
(
    [ToUserName] => gh_ef9280ec87dc
    [FromUserName] => oemNh1jA_1arXGbpj6EinxVjaPE0
    [CreateTime] => 1539079540
    [MsgType] => event
    [Event] => VIEW
    [EventKey] => http://yuan.jinxiaofei.xyz/ssss?id=3
    [MenuId] => 693021697
)
Array
(
    [ToUserName] => gh_ef9280ec87dc
    [FromUserName] => oemNh1n8U3_0TyuH47RN6z1Va-NA
    [CreateTime] => 1539081843
    [MsgType] => event
    [Event] => VIEW
    [EventKey] => http://yuan.jinxiaofei.xyz/ssss?id=1
    [MenuId] => 693021697
)
Array
(
    [ToUserName] => gh_ef9280ec87dc
    [FromUserName] => oemNh1n8U3_0TyuH47RN6z1Va-NA
    [CreateTime] => 1539081848
    [MsgType] => event
    [Event] => VIEW
    [EventKey] => http://yuan.jinxiaofei.xyz/ssss?id=2
    [MenuId] => 693021697
)
Array
(
    [ToUserName] => gh_ef9280ec87dc
    [FromUserName] => oemNh1n8U3_0TyuH47RN6z1Va-NA
    [CreateTime] => 1539138738
    [MsgType] => event
    [Event] => VIEW
    [EventKey] => http://yuan.jinxiaofei.xyz/ssss?id=2
    [MenuId] => 693021697
)
Array
(
    [ToUserName] => gh_ef9280ec87dc
    [FromUserName] => oemNh1uWyFO1K6hF7Trgvj2hLnSY
    [CreateTime] => 1539341848
    [MsgType] => event
    [Event] => VIEW
    [EventKey] => http://yuan.jinxiaofei.xyz/ssss?id=1
    [MenuId] => 693021697
)
Array
(
    [ToUserName] => gh_ef9280ec87dc
    [FromUserName] => oemNh1uWyFO1K6hF7Trgvj2hLnSY
    [CreateTime] => 1539342824
    [MsgType] => event
    [Event] => VIEW
    [EventKey] => http://yuan.jinxiaofei.xyz/ssss?id=2
    [MenuId] => 693021697
)
Array
(
    [ToUserName] => gh_ef9280ec87dc
    [FromUserName] => oemNh1jsYgd5gkcDXfFYrvW9FIMQ
    [CreateTime] => 1539344670
    [MsgType] => event
    [Event] => VIEW
    [EventKey] => http://yuan.jinxiaofei.xyz/ssss?id=2
    [MenuId] => 693021697
)
Array
(
    [ToUserName] => gh_ef9280ec87dc
    [FromUserName] => oemNh1jsYgd5gkcDXfFYrvW9FIMQ
    [CreateTime] => 1539344686
    [MsgType] => event
    [Event] => VIEW
    [EventKey] => http://yuan.jinxiaofei.xyz/ssss?id=2
    [MenuId] => 693021697
)
Array
(
    [ToUserName] => gh_ef9280ec87dc
    [FromUserName] => oemNh1n8U3_0TyuH47RN6z1Va-NA
    [CreateTime] => 1539344759
    [MsgType] => event
    [Event] => VIEW
    [EventKey] => http://yuan.jinxiaofei.xyz/ssss?id=2
    [MenuId] => 693021697
)
Array
(
    [ToUserName] => gh_ef9280ec87dc
    [FromUserName] => oemNh1jsYgd5gkcDXfFYrvW9FIMQ
    [CreateTime] => 1539344777
    [MsgType] => event
    [Event] => VIEW
    [EventKey] => http://yuan.jinxiaofei.xyz/ssss?id=3
    [MenuId] => 693021697
)
Array
(
    [ToUserName] => gh_ef9280ec87dc
    [FromUserName] => oemNh1n8U3_0TyuH47RN6z1Va-NA
    [CreateTime] => 1539345211
    [MsgType] => event
    [Event] => VIEW
    [EventKey] => http://yuan.jinxiaofei.xyz/ssss?id=2
    [MenuId] => 693021697
)
Array
(
    [ToUserName] => gh_ef9280ec87dc
    [FromUserName] => oemNh1n8U3_0TyuH47RN6z1Va-NA
    [CreateTime] => 1539345225
    [MsgType] => event
    [Event] => VIEW
    [EventKey] => http://yuan.jinxiaofei.xyz/ssss?id=2
    [MenuId] => 693021697
)
Array
(
    [ToUserName] => gh_ef9280ec87dc
    [FromUserName] => oemNh1n8U3_0TyuH47RN6z1Va-NA
    [CreateTime] => 1539345247
    [MsgType] => event
    [Event] => unsubscribe
    [EventKey] => Array
        (
        )

)
Array
(
    [ToUserName] => gh_ef9280ec87dc
    [FromUserName] => oemNh1n8U3_0TyuH47RN6z1Va-NA
    [CreateTime] => 1539345251
    [MsgType] => event
    [Event] => subscribe
    [EventKey] => Array
        (
        )

)
Array
(
    [ToUserName] => gh_ef9280ec87dc
    [FromUserName] => oemNh1n8U3_0TyuH47RN6z1Va-NA
    [CreateTime] => 1539345253
    [MsgType] => event
    [Event] => VIEW
    [EventKey] => http://yuan.jinxiaofei.xyz/ssss?id=2
    [MenuId] => 693021697
)
Array
(
    [ToUserName] => gh_ef9280ec87dc
    [FromUserName] => oemNh1n8U3_0TyuH47RN6z1Va-NA
    [CreateTime] => 1539345251
    [MsgType] => event
    [Event] => subscribe
    [EventKey] => Array
        (
        )

)
Array
(
    [ToUserName] => gh_ef9280ec87dc
    [FromUserName] => oemNh1n8U3_0TyuH47RN6z1Va-NA
    [CreateTime] => 1539345251
    [MsgType] => event
    [Event] => subscribe
    [EventKey] => Array
        (
        )

)
Array
(
    [ToUserName] => gh_ef9280ec87dc
    [FromUserName] => oemNh1n8U3_0TyuH47RN6z1Va-NA
    [CreateTime] => 1539345586
    [MsgType] => event
    [Event] => VIEW
    [EventKey] => http://yuan.jinxiaofei.xyz/ssss?id=2
    [MenuId] => 693021697
)
Array
(
    [ToUserName] => gh_ef9280ec87dc
    [FromUserName] => oemNh1n8U3_0TyuH47RN6z1Va-NA
    [CreateTime] => 1539346171
    [MsgType] => event
    [Event] => VIEW
    [EventKey] => http://yuan.jinxiaofei.xyz/ssss?id=2
    [MenuId] => 693021697
)
Array
(
    [ToUserName] => gh_ef9280ec87dc
    [FromUserName] => oemNh1n8U3_0TyuH47RN6z1Va-NA
    [CreateTime] => 1539346828
    [MsgType] => event
    [Event] => VIEW
    [EventKey] => http://yuan.jinxiaofei.xyz/ssss?id=3
    [MenuId] => 693021697
)
Array
(
    [ToUserName] => gh_ef9280ec87dc
    [FromUserName] => oemNh1n8U3_0TyuH47RN6z1Va-NA
    [CreateTime] => 1539346995
    [MsgType] => event
    [Event] => VIEW
    [EventKey] => http://yuan.jinxiaofei.xyz/ssss?id=2
    [MenuId] => 693021697
)
Array
(
    [ToUserName] => gh_ef9280ec87dc
    [FromUserName] => oemNh1jsYgd5gkcDXfFYrvW9FIMQ
    [CreateTime] => 1539347106
    [MsgType] => event
    [Event] => VIEW
    [EventKey] => http://yuan.jinxiaofei.xyz/ssss?id=2
    [MenuId] => 693021697
)
Array
(
    [ToUserName] => gh_ef9280ec87dc
    [FromUserName] => oemNh1n8U3_0TyuH47RN6z1Va-NA
    [CreateTime] => 1539347133
    [MsgType] => event
    [Event] => VIEW
    [EventKey] => http://yuan.jinxiaofei.xyz/ssss?id=3
    [MenuId] => 693021697
)
Array
(
    [ToUserName] => gh_ef9280ec87dc
    [FromUserName] => oemNh1n8U3_0TyuH47RN6z1Va-NA
    [CreateTime] => 1539347141
    [MsgType] => event
    [Event] => VIEW
    [EventKey] => http://yuan.jinxiaofei.xyz/ssss?id=2
    [MenuId] => 693021697
)
Array
(
    [ToUserName] => gh_ef9280ec87dc
    [FromUserName] => oemNh1n8U3_0TyuH47RN6z1Va-NA
    [CreateTime] => 1539347352
    [MsgType] => event
    [Event] => VIEW
    [EventKey] => http://yuan.jinxiaofei.xyz/ssss?id=3
    [MenuId] => 693021697
)
Array
(
    [ToUserName] => gh_ef9280ec87dc
    [FromUserName] => oemNh1jsYgd5gkcDXfFYrvW9FIMQ
    [CreateTime] => 1539347546
    [MsgType] => event
    [Event] => VIEW
    [EventKey] => http://yuan.jinxiaofei.xyz/ssss?id=2
    [MenuId] => 693021697
)
Array
(
    [ToUserName] => gh_ef9280ec87dc
    [FromUserName] => oemNh1jsYgd5gkcDXfFYrvW9FIMQ
    [CreateTime] => 1539347556
    [MsgType] => event
    [Event] => VIEW
    [EventKey] => http://yuan.jinxiaofei.xyz/ssss?id=2
    [MenuId] => 693021697
)
Array
(
    [ToUserName] => gh_ef9280ec87dc
    [FromUserName] => oemNh1jsYgd5gkcDXfFYrvW9FIMQ
    [CreateTime] => 1539347747
    [MsgType] => event
    [Event] => VIEW
    [EventKey] => http://yuan.jinxiaofei.xyz/ssss?id=2
    [MenuId] => 693021697
)
Array
(
    [ToUserName] => gh_ef9280ec87dc
    [FromUserName] => oemNh1n8U3_0TyuH47RN6z1Va-NA
    [CreateTime] => 1539348022
    [MsgType] => event
    [Event] => VIEW
    [EventKey] => http://yuan.jinxiaofei.xyz/ssss?id=3
    [MenuId] => 693021697
)
Array
(
    [ToUserName] => gh_ef9280ec87dc
    [FromUserName] => oemNh1n8U3_0TyuH47RN6z1Va-NA
    [CreateTime] => 1539348363
    [MsgType] => event
    [Event] => VIEW
    [EventKey] => http://yuan.jinxiaofei.xyz/ssss?id=2
    [MenuId] => 693021697
)
Array
(
    [ToUserName] => gh_ef9280ec87dc
    [FromUserName] => oemNh1n8U3_0TyuH47RN6z1Va-NA
    [CreateTime] => 1539348899
    [MsgType] => event
    [Event] => VIEW
    [EventKey] => http://yuan.jinxiaofei.xyz/ssss?id=2
    [MenuId] => 693021697
)
